<idea-plugin>
    <applicationListeners>
        <listener class="liveplugin.testrunner.IntegrationTestsRunner" topic="com.intellij.ide.AppLifecycleListener"/>
    </applicationListeners>
</idea-plugin>